<?xml version="1.0" encoding="UTF-8"?>
<!-- Generated by org.testng.reporters.JUnitXMLReporter -->
<testsuite ignored="6" hostname="MAC-201192.local" failures="0" tests="1" name="Default test" time="1.095" errors="0" timestamp="2024-07-31T00:05:22 WIB">
  <testcase classname="com.tests.TestExample" name="getUserNotFound" time="1.075"/>
  <testcase classname="com.tests.TestExample" name="invalidRequestMethodDelete" time="0.0">
    <ignored/>
  </testcase> <!-- invalidRequestMethodDelete -->
  <testcase classname="com.tests.TestExample" name="getUserFound" time="0.0">
    <ignored/>
  </testcase> <!-- getUserFound -->
  <testcase classname="com.tests.TestExample" name="invalidRequestMethodPut" time="0.0">
    <ignored/>
  </testcase> <!-- invalidRequestMethodPut -->
  <testcase classname="com.tests.TestExample" name="successGetPost" time="0.0">
    <ignored/>
  </testcase> <!-- successGetPost -->
  <testcase classname="com.tests.TestExample" name="successCreatePost" time="0.0">
    <ignored/>
  </testcase> <!-- successCreatePost -->
  <testcase classname="com.tests.TestExample" name="invalidRequestMethodPatch" time="0.0">
    <ignored/>
  </testcase> <!-- invalidRequestMethodPatch -->
</testsuite> <!-- Default test -->
