<?xml version="1.0" encoding="UTF-8"?>
<!-- Generated by org.testng.reporters.JUnitXMLReporter -->
<testsuite ignored="1" hostname="MAC-201192.local" failures="0" tests="1" name="Default test" time="1.471" errors="0" timestamp="2024-07-26T18:41:49 WIB">
  <testcase classname="com.tests.TestExample" name="successGetPost" time="1.458"/>
  <testcase classname="com.tests.TestExample" name="successCreatePost" time="0.0">
    <ignored/>
  </testcase> <!-- successCreatePost -->
</testsuite> <!-- Default test -->
