<?xml version="1.0" encoding="UTF-8"?>
<testng-results ignored="0" total="1" passed="1" failed="0" skipped="0">
  <reporter-output>
  </reporter-output>
  <suite started-at="2024-07-26T18:41:43 WIB" name="Default suite" finished-at="2024-07-26T18:41:44 WIB" duration-ms="1471">
    <groups>
    </groups>
    <test started-at="2024-07-26T18:41:43 WIB" name="Default test" finished-at="2024-07-26T18:41:44 WIB" duration-ms="1471">
      <class name="com.tests.TestExample">
        <test-method signature="successGetPost()[pri:0, instance:com.tests.TestExample@71ba6d4e]" started-at="2024-07-26T18:41:43 WIB" name="successGetPost" finished-at="2024-07-26T18:41:44 WIB" duration-ms="1458" status="PASS">
          <reporter-output>
          </reporter-output>
        </test-method> <!-- successGetPost -->
      </class> <!-- com.tests.TestExample -->
    </test> <!-- Default test -->
  </suite> <!-- Default suite -->
</testng-results>
